#
# There is insufficient memory for the Java Runtime Environment to continue.
# Native memory allocation (mmap) failed to map 266338304 bytes for Failed to commit area from 0x0000000702c00000 to 0x0000000712a00000 of length 266338304.
# Possible reasons:
#   The system is out of physical RAM or swap space
#   The process is running with CompressedOops enabled, and the Java Heap may be blocking the growth of the native heap
# Possible solutions:
#   Reduce memory load on the system
#   Increase physical memory or swap space
#   Check if swap backing store is full
#   Decrease Java heap size (-Xmx/-Xms)
#   Decrease number of Java threads
#   Decrease Java thread stack sizes (-Xss)
#   Set larger code cache with -XX:ReservedCodeCacheSize=
# This output file may be truncated or incomplete.
#
#  Out of Memory Error (./src/hotspot/os/windows/os_windows.cpp:3386), pid=25500, tid=12592
#
# JRE version:  (11.0.16.1+9) (build )
# Java VM: OpenJDK 64-Bit Server VM (11.0.16.1+9-LTS, mixed mode, sharing, tiered, compressed oops, g1 gc, windows-amd64)
# No core dump will be written. Minidumps are not enabled by default on client versions of Windows
#

---------------  S U M M A R Y ------------

Command Line: -ea -Didea.test.cyclic.buffer.size=1048576 -javaagent:C:\Program Files\JetBrains\IntelliJ IDEA 2022.1\lib\idea_rt.jar=53844:C:\Program Files\JetBrains\IntelliJ IDEA 2022.1\bin -Dfile.encoding=UTF-8 com.intellij.rt.junit.JUnitStarter -ideVersion5 -junit5 jpabook.jpashop.JpashopApplicationTests,contextLoads

Host: Intel(R) Core(TM) i7-10750H CPU @ 2.60GHz, 12 cores, 15G,  Windows 10 , 64 bit Build 19041 (10.0.19041.2364)
Time: Fri Feb 10 17:04:23 2023  Windows 10 , 64 bit Build 19041 (10.0.19041.2364) elapsed time: 0.021010 seconds (0d 0h 0m 0s)

---------------  T H R E A D  ---------------

Current thread (0x00000166bd4d7800):  JavaThread "Unknown thread" [_thread_in_vm, id=12592, stack(0x0000001d10200000,0x0000001d10300000)]

Stack: [0x0000001d10200000,0x0000001d10300000]
Native frames: (J=compiled Java code, j=interpreted, Vv=VM code, C=native code)
V  [jvm.dll+0x61f23a]
V  [jvm.dll+0x7ac419]
V  [jvm.dll+0x7adb08]
V  [jvm.dll+0x7ae1e3]
V  [jvm.dll+0x24fa98]
V  [jvm.dll+0x61c54a]
V  [jvm.dll+0x610cf5]
V  [jvm.dll+0x3079bc]
V  [jvm.dll+0x307842]
V  [jvm.dll+0x30c556]
V  [jvm.dll+0x352bff]
V  [jvm.dll+0x352630]
V  [jvm.dll+0x2e49b8]
V  [jvm.dll+0x2e5b16]
V  [jvm.dll+0x786267]
V  [jvm.dll+0x7879ef]
V  [jvm.dll+0x35f939]
V  [jvm.dll+0x7691d0]
V  [jvm.dll+0x3cd45f]
V  [jvm.dll+0x3cf7f1]
C  [jli.dll+0x5207]
C  [ucrtbase.dll+0x21bb2]
C  [KERNEL32.DLL+0x17614]
C  [ntdll.dll+0x526a1]


---------------  P R O C E S S  ---------------

Threads class SMR info:
_java_thread_list=0x00000166bb325be0, length=0, elements={
}

Java Threads: ( => current thread )

Other Threads:
  0x00000166bd4ed800 GCTaskThread "GC Thread#0" [stack: 0x0000001d10300000,0x0000001d10400000] [id=17508]
  0x00000166bd54d000 ConcurrentGCThread "G1 Main Marker" [stack: 0x0000001d10400000,0x0000001d10500000] [id=14732]
  0x00000166bd54f000 ConcurrentGCThread "G1 Conc#0" [stack: 0x0000001d10500000,0x0000001d10600000] [id=26448]

[error occurred during error reporting (printing all threads), id 0xc0000005, EXCEPTION_ACCESS_VIOLATION (0xc0000005) at pc=0x00007ff8adcb4187]

VM state:not at safepoint (not fully initialized)

VM Mutex/Monitor currently owned by a thread:  ([mutex/lock_event])
[0x00000166bd4d29e0] Heap_lock - owner thread: 0x00000166bd4d7800

Heap address: 0x0000000702c00000, size: 4052 MB, Compressed Oops mode: Non-zero based: 0x0000000702c00000
Narrow klass base: 0x0000000000000000, Narrow klass shift: 0

GC Heap History (0 events):
No events

Deoptimization events (0 events):
No events

Classes redefined (0 events):
No events

Internal exceptions (0 events):
No events

Events (1 events):
Event: 0.012 Loaded shared library C:\Users\sylee\.jdks\corretto-11.0.16.1\bin\zip.dll


Dynamic libraries:
0x00007ff6a33c0000 - 0x00007ff6a33cd000 	C:\Users\sylee\.jdks\corretto-11.0.16.1\bin\java.exe
0x00007ff939c10000 - 0x00007ff939e08000 	C:\WINDOWS\SYSTEM32\ntdll.dll
0x00007ff937fb0000 - 0x00007ff93806f000 	C:\WINDOWS\System32\KERNEL32.DLL
0x00007ff937530000 - 0x00007ff937802000 	C:\WINDOWS\System32\KERNELBASE.dll
0x00007ff937810000 - 0x00007ff937910000 	C:\WINDOWS\System32\ucrtbase.dll
0x00007ff917de0000 - 0x00007ff917df7000 	C:\Users\sylee\.jdks\corretto-11.0.16.1\bin\jli.dll
0x00007ff917dc0000 - 0x00007ff917dd9000 	C:\Users\sylee\.jdks\corretto-11.0.16.1\bin\VCRUNTIME140.dll
0x00007ff939940000 - 0x00007ff939ae1000 	C:\WINDOWS\System32\USER32.dll
0x00007ff937b90000 - 0x00007ff937bb2000 	C:\WINDOWS\System32\win32u.dll
0x00007ff939b00000 - 0x00007ff939b2b000 	C:\WINDOWS\System32\GDI32.dll
0x00007ff937a30000 - 0x00007ff937b3f000 	C:\WINDOWS\System32\gdi32full.dll
0x00007ff9228a0000 - 0x00007ff922b3a000 	C:\WINDOWS\WinSxS\amd64_microsoft.windows.common-controls_6595b64144ccf1df_6.0.19041.1110_none_60b5254171f9507e\COMCTL32.dll
0x00007ff937490000 - 0x00007ff93752d000 	C:\WINDOWS\System32\msvcp_win.dll
0x00007ff939b30000 - 0x00007ff939bce000 	C:\WINDOWS\System32\msvcrt.dll
0x00007ff9384f0000 - 0x00007ff938522000 	C:\WINDOWS\System32\IMM32.DLL
0x00007ff904680000 - 0x00007ff90471b000 	C:\Users\sylee\.jdks\corretto-11.0.16.1\bin\msvcp140.dll
0x00007ff8ad9c0000 - 0x00007ff8ae544000 	C:\Users\sylee\.jdks\corretto-11.0.16.1\bin\server\jvm.dll
0x00007ff9390f0000 - 0x00007ff93919e000 	C:\WINDOWS\System32\ADVAPI32.dll
0x00007ff939510000 - 0x00007ff9395ac000 	C:\WINDOWS\System32\sechost.dll
0x00007ff9385e0000 - 0x00007ff938705000 	C:\WINDOWS\System32\RPCRT4.dll
0x00007ff939500000 - 0x00007ff939508000 	C:\WINDOWS\System32\PSAPI.DLL
0x00007ff9214b0000 - 0x00007ff9214d7000 	C:\WINDOWS\SYSTEM32\WINMM.dll
0x00007ff9303c0000 - 0x00007ff9303ca000 	C:\WINDOWS\SYSTEM32\VERSION.dll
0x00007ff934060000 - 0x00007ff934069000 	C:\WINDOWS\SYSTEM32\WSOCK32.dll
0x00007ff938930000 - 0x00007ff93899b000 	C:\WINDOWS\System32\WS2_32.dll
0x00007ff935180000 - 0x00007ff935192000 	C:\WINDOWS\SYSTEM32\kernel.appcore.dll
0x00007ff91cc90000 - 0x00007ff91cca0000 	C:\Users\sylee\.jdks\corretto-11.0.16.1\bin\verify.dll
0x00007ff9214e0000 - 0x00007ff9216c4000 	C:\WINDOWS\SYSTEM32\DBGHELP.DLL
0x00007ff91c850000 - 0x00007ff91c885000 	C:\WINDOWS\SYSTEM32\dbgcore.DLL
0x00007ff937bc0000 - 0x00007ff937c42000 	C:\WINDOWS\System32\bcryptPrimitives.dll
0x00007ff904650000 - 0x00007ff904678000 	C:\Users\sylee\.jdks\corretto-11.0.16.1\bin\java.dll
0x00007ff9183c0000 - 0x00007ff9183ca000 	C:\Users\sylee\.jdks\corretto-11.0.16.1\bin\jimage.dll
0x00007ff931b30000 - 0x00007ff931b3e000 	C:\Users\sylee\.jdks\corretto-11.0.16.1\bin\instrument.dll
0x00007ff90d1c0000 - 0x00007ff90d1d8000 	C:\Users\sylee\.jdks\corretto-11.0.16.1\bin\zip.dll

dbghelp: loaded successfully - version: 4.0.5 - missing functions: none
symbol engine: initialized successfully - sym options: 0x614 - pdb path: .;C:\Users\sylee\.jdks\corretto-11.0.16.1\bin;C:\WINDOWS\SYSTEM32;C:\WINDOWS\WinSxS\amd64_microsoft.windows.common-controls_6595b64144ccf1df_6.0.19041.1110_none_60b5254171f9507e;C:\Users\sylee\.jdks\corretto-11.0.16.1\bin\server

VM Arguments:
jvm_args: -ea -Didea.test.cyclic.buffer.size=1048576 -javaagent:C:\Program Files\JetBrains\IntelliJ IDEA 2022.1\lib\idea_rt.jar=53844:C:\Program Files\JetBrains\IntelliJ IDEA 2022.1\bin -Dfile.encoding=UTF-8 
java_command: com.intellij.rt.junit.JUnitStarter -ideVersion5 -junit5 jpabook.jpashop.JpashopApplicationTests,contextLoads
java_class_path (initial): C:\Users\sylee\.m2\repository\org\junit\platform\junit-platform-launcher\1.8.2\junit-platform-launcher-1.8.2.jar;C:\Users\sylee\.m2\repository\org\junit\platform\junit-platform-engine\1.8.2\junit-platform-engine-1.8.2.jar;C:\Users\sylee\.m2\repository\org\opentest4j\opentest4j\1.2.0\opentest4j-1.2.0.jar;C:\Users\sylee\.m2\repository\org\junit\platform\junit-platform-commons\1.8.2\junit-platform-commons-1.8.2.jar;C:\Users\sylee\.m2\repository\org\apiguardian\apiguardian-api\1.1.2\apiguardian-api-1.1.2.jar;C:\Program Files\JetBrains\IntelliJ IDEA 2022.1\lib\idea_rt.jar;C:\Program Files\JetBrains\IntelliJ IDEA 2022.1\plugins\junit\lib\junit5-rt.jar;C:\Program Files\JetBrains\IntelliJ IDEA 2022.1\plugins\junit\lib\junit-rt.jar;C:\jpashop\out\test\classes;C:\jpashop\out\production\classes;C:\jpashop\out\production\resources;C:\Users\sylee\.gradle\caches\modules-2\files-2.1\org.springframework.boot\spring-boot-starter-data-jpa\2.7.1\39e98264c195a06c8c29a63c24b6ce295ca10795\spring-boot-starter-data-jpa-2.7.1.jar;C:\Users\sylee\.gradle\caches\modules-2\files-2.1\org.springframework.boot\spring-boot-starter-thymeleaf\2.7.1\76b36fc78c80ca34832b670e6551845a0c76ce44\spring-boot-starter-thymeleaf-2.7.1.jar;C:\Users\sylee\.gradle\caches\modules-2\files-2.1\org.springframework.boot\spring-boot-starter-web\2.7.1\29f47f503f9955b1a9746870aeaebdba448416d\spring-boot-starter-web-2.7.1.jar;C:\Users\sylee\.gradle\caches\modules-2\files-2.1\org.springframework.boot\spring-boot-starter-test\2.7.1\28ba2633ff51cabd9792ead85cbbffecdbf9f22e\spring-boot-starter-test-2.7.1.jar;C:\Users\sylee\.gradle\caches\modules-2\files-2.1\org.springframework.boot\spring-boot-starter-aop\2.7.1\e7c78497e3528ae3037c723259b4b0944994f03\spring-boot-starter-aop-2.7.1.jar;C:\Users\sylee\.gradle\caches\modules-2\files-2.1\org.springframework.boot\spring-boot-starter-jdbc\2.7.1\bba8a72a8042cec0b7961f11b0b3332724f5845e\spring-boot-starter-jdbc-2.7.1.jar;C:\Users\sylee\.gradle\caches\module
Launcher Type: SUN_STANDARD

[Global flags]
     intx CICompilerCount                          = 4                                         {product} {ergonomic}
     uint ConcGCThreads                            = 3                                         {product} {ergonomic}
     uint G1ConcRefinementThreads                  = 10                                        {product} {ergonomic}
   size_t G1HeapRegionSize                         = 1048576                                   {product} {ergonomic}
    uintx GCDrainStackTargetSize                   = 64                                        {product} {ergonomic}
   size_t InitialHeapSize                          = 266338304                                 {product} {ergonomic}
   size_t MarkStackSize                            = 4194304                                   {product} {ergonomic}
   size_t MaxHeapSize                              = 4248829952                                {product} {ergonomic}
   size_t MinHeapDeltaBytes                        = 1048576                                   {product} {ergonomic}
    uintx NonNMethodCodeHeapSize                   = 5836300                                {pd product} {ergonomic}
    uintx NonProfiledCodeHeapSize                  = 122910970                              {pd product} {ergonomic}
    uintx ProfiledCodeHeapSize                     = 122910970                              {pd product} {ergonomic}
    uintx ReservedCodeCacheSize                    = 251658240                              {pd product} {ergonomic}
     bool SegmentedCodeCache                       = true                                      {product} {ergonomic}
     bool UseCompressedClassPointers               = true                                 {lp64_product} {ergonomic}
     bool UseCompressedOops                        = true                                 {lp64_product} {ergonomic}
     bool UseG1GC                                  = true                                      {product} {ergonomic}
     bool UseLargePagesIndividualAllocation        = false                                  {pd product} {ergonomic}

Logging:
Log output configuration:
 #0: stdout all=warning uptime,level,tags
 #1: stderr all=off uptime,level,tags

Environment Variables:
JAVA_HOME=C:\Program Files\Java\jdk1.8.0_291
CLASSPATH=C:\Program Files\Java\jdk1.8.0_291\lib;.;
PATH=C:\Program Files\Java\jdk1.8.0_291\bin;C:\app\sylee\product\19.0.0\client_1;C:\Program Files (x86)\VMware\VMware Workstation\bin\;C:\app\sylee\product\11.2.0\dbhome_2\bin;C:\app\sylee\product\11.2.0\client_2;C:\app\sylee\product\11.2.0\client_1\bin;C:\Program Files (x86)\Common Files\Oracle\Java\javapath;C:\WINDOWS\system32;C:\WINDOWS;C:\WINDOWS\System32\Wbem;C:\WINDOWS\System32\WindowsPowerShell\v1.0\;C:\WINDOWS\System32\OpenSSH\;C:\Program Files (x86)\NVIDIA Corporation\PhysX\Common;C:\Program Files\Git\cmd;C:\project\jdk1.8.0_261;C:\project\workspace\apache-maven-2.2.0\bin;C:\Program Files\nodejs\;;C:\Program Files\NVIDIA Corporation\NVIDIA NvDLISR;C:\Users\sylee\AppData\Local\Microsoft\WindowsApps;C:\Program Files\Bandizip\;C:\Users\sylee\AppData\Local\Programs\Microsoft VS Code\bin;C:\Program Files\Java\jdk1.8.0_291;C:\Users\sylee\AppData\Roaming\npm
USERNAME=sylee
OS=Windows_NT
PROCESSOR_IDENTIFIER=Intel64 Family 6 Model 165 Stepping 2, GenuineIntel
TMP=C:\Users\sylee\AppData\Local\Temp
TEMP=C:\Users\sylee\AppData\Local\Temp



---------------  S Y S T E M  ---------------

OS: Windows 10 , 64 bit Build 19041 (10.0.19041.2364)
OS uptime: 0 days 2:48 hours
Hyper-V role detected

CPU:total 12 (initial active 12) (6 cores per cpu, 2 threads per core) family 6 model 165 stepping 2 microcode 0xc8, cmov, cx8, fxsr, mmx, sse, sse2, sse3, ssse3, sse4.1, sse4.2, popcnt, avx, avx2, aes, clmul, erms, 3dnowpref, lzcnt, ht, tsc, tscinvbit, bmi1, bmi2, adx, fma

Memory: 4k page, system-wide physical 16202M (2479M free)
TotalPageFile size 22186M (AvailPageFile size 165M)
current process WorkingSet (physical memory assigned to process): 10M, peak: 10M
current process commit charge ("private bytes"): 65M, peak: 318M

vm_info: OpenJDK 64-Bit Server VM (11.0.16.1+9-LTS) for windows-amd64 JRE (11.0.16.1+9-LTS), built on Aug 12 2022 20:01:58 by "Administrator" with MS VC++ 15.9 (VS2017)

END.
